<?xml version="1.0" encoding="UTF-8"?>
<testng-results ignored="0" total="1" passed="1" failed="0" skipped="0">
  <reporter-output>
  </reporter-output>
  <suite started-at="2022-03-30T16:46:03 IST" name="Default suite" finished-at="2022-03-30T16:46:07 IST" duration-ms="3979">
    <groups>
    </groups>
    <test started-at="2022-03-30T16:46:03 IST" name="Default test" finished-at="2022-03-30T16:46:07 IST" duration-ms="3979">
      <class name="com.rest.WorkspacePojoTest">
        <test-method is-config="true" signature="beforeClass()[pri:0, instance:com.rest.WorkspacePojoTest@3c22fc4c]" started-at="2022-03-30T16:46:03 IST" name="beforeClass" finished-at="2022-03-30T16:46:04 IST" duration-ms="753" status="PASS">
          <reporter-output>
          </reporter-output>
        </test-method> <!-- beforeClass -->
        <test-method signature="workspace_serialize_deserialize(java.lang.String, java.lang.String, java.lang.String)[pri:0, instance:com.rest.WorkspacePojoTest@3c22fc4c]" started-at="2022-03-30T16:46:04 IST" name="workspace_serialize_deserialize" data-provider="workspace" finished-at="2022-03-30T16:46:07 IST" duration-ms="3193" status="PASS">
          <params>
            <param index="0">
              <value>
                <![CDATA[myWorkspace5]]>
              </value>
            </param>
            <param index="1">
              <value>
                <![CDATA[personal]]>
              </value>
            </param>
            <param index="2">
              <value>
                <![CDATA[description]]>
              </value>
            </param>
          </params>
          <reporter-output>
          </reporter-output>
        </test-method> <!-- workspace_serialize_deserialize -->
      </class> <!-- com.rest.WorkspacePojoTest -->
    </test> <!-- Default test -->
  </suite> <!-- Default suite -->
</testng-results>
